f:\nicoyi\zwdzjs_0411\build\nicoyi.dir\debug\vc143.pdb
f:\nicoyi\zwdzjs_0411\build\nicoyi.dir\debug\imgui_impl_dx11.obj
f:\nicoyi\zwdzjs_0411\build\nicoyi.dir\debug\imgui_impl_win32.obj
f:\nicoyi\zwdzjs_0411\build\nicoyi.dir\debug\imgui_demo.obj
f:\nicoyi\zwdzjs_0411\build\nicoyi.dir\debug\imgui_widgets.obj
f:\nicoyi\zwdzjs_0411\build\nicoyi.dir\debug\imgui_tables.obj
f:\nicoyi\zwdzjs_0411\build\nicoyi.dir\debug\imgui_draw.obj
f:\nicoyi\zwdzjs_0411\build\nicoyi.dir\debug\imgui.obj
f:\nicoyi\zwdzjs_0411\build\nicoyi.dir\debug\memorymanager.obj
f:\nicoyi\zwdzjs_0411\build\nicoyi.dir\debug\imguimanager.obj
f:\nicoyi\zwdzjs_0411\build\nicoyi.dir\debug\main.obj
f:\nicoyi\zwdzjs_0411\build\cmakefiles\generate.stamp
f:\nicoyi\zwdzjs_0411\build\debug\nicoyi.exe
f:\nicoyi\zwdzjs_0411\build\debug\nicoyi.pdb
f:\nicoyi\zwdzjs_0411\build\nicoyi.dir\debug\nicoyi.ilk
f:\nicoyi\zwdzjs_0411\build\nicoyi.dir\debug\nicoyi.tlog\cl.command.1.tlog
f:\nicoyi\zwdzjs_0411\build\nicoyi.dir\debug\nicoyi.tlog\cl.items.tlog
f:\nicoyi\zwdzjs_0411\build\nicoyi.dir\debug\nicoyi.tlog\cl.read.1.tlog
f:\nicoyi\zwdzjs_0411\build\nicoyi.dir\debug\nicoyi.tlog\cl.write.1.tlog
f:\nicoyi\zwdzjs_0411\build\nicoyi.dir\debug\nicoyi.tlog\custombuild.command.1.tlog
f:\nicoyi\zwdzjs_0411\build\nicoyi.dir\debug\nicoyi.tlog\custombuild.read.1.tlog
f:\nicoyi\zwdzjs_0411\build\nicoyi.dir\debug\nicoyi.tlog\custombuild.write.1.tlog
f:\nicoyi\zwdzjs_0411\build\nicoyi.dir\debug\nicoyi.tlog\link.command.1.tlog
f:\nicoyi\zwdzjs_0411\build\nicoyi.dir\debug\nicoyi.tlog\link.read.1.tlog
f:\nicoyi\zwdzjs_0411\build\nicoyi.dir\debug\nicoyi.tlog\link.secondary.1.tlog
f:\nicoyi\zwdzjs_0411\build\nicoyi.dir\debug\nicoyi.tlog\link.write.1.tlog
